This is pdfTeX, Version 3.1415926-1.40.10 (TeX Live 2009/Debian) (format=pdflatex 2011.12.22)  26 APR 2012 17:23
entering extended mode
 %&-line parsing enabled.
**Main.tex
(./Main.tex
LaTeX2e <2009/09/24>
Babel <v3.8l> and hyphenation patterns for english, usenglishmax, dumylang, noh
yphenation, loaded.
(/usr/share/texmf-texlive/tex/latex/base/article.cls
Document Class: article 2007/10/19 v1.4h Standard LaTeX document class
(/usr/share/texmf-texlive/tex/latex/base/size12.clo
File: size12.clo 2007/10/19 v1.4h Standard LaTeX file (size option)
)
\c@part=\count79
\c@section=\count80
\c@subsection=\count81
\c@subsubsection=\count82
\c@paragraph=\count83
\c@subparagraph=\count84
\c@figure=\count85
\c@table=\count86
\abovecaptionskip=\skip41
\belowcaptionskip=\skip42
\bibindent=\dimen102
)
(/usr/share/texmf-texlive/tex/latex/geometry/geometry.sty
Package: geometry 2008/12/21 v4.2 Page Geometry

(/usr/share/texmf-texlive/tex/latex/graphics/keyval.sty
Package: keyval 1999/03/16 v1.13 key=value parser (DPC)
\KV@toks@=\toks14
)
(/usr/share/texmf-texlive/tex/generic/oberdiek/ifpdf.sty
Package: ifpdf 2009/04/10 v2.0 Provides the ifpdf switch (HO)
Package ifpdf Info: pdfTeX in pdf mode detected.
)
(/usr/share/texmf-texlive/tex/generic/oberdiek/ifvtex.sty
Package: ifvtex 2008/11/04 v1.4 Switches for detecting VTeX and its modes (HO)
Package ifvtex Info: VTeX not detected.
)
\Gm@cnth=\count87
\Gm@cntv=\count88
\c@Gm@tempcnt=\count89
\Gm@bindingoffset=\dimen103
\Gm@wd@mp=\dimen104
\Gm@odd@mp=\dimen105
\Gm@even@mp=\dimen106
\Gm@dimlist=\toks15

(/usr/share/texmf-texlive/tex/xelatex/xetexconfig/geometry.cfg))
(/usr/share/texmf-texlive/tex/latex/graphics/graphicx.sty
Package: graphicx 1999/02/16 v1.0f Enhanced LaTeX Graphics (DPC,SPQR)

(/usr/share/texmf-texlive/tex/latex/graphics/graphics.sty
Package: graphics 2009/02/05 v1.0o Standard LaTeX Graphics (DPC,SPQR)

(/usr/share/texmf-texlive/tex/latex/graphics/trig.sty
Package: trig 1999/03/16 v1.09 sin cos tan (DPC)
)
(/etc/texmf/tex/latex/config/graphics.cfg
File: graphics.cfg 2009/08/28 v1.8 graphics configuration of TeX Live
)
Package graphics Info: Driver file: pdftex.def on input line 91.

(/usr/share/texmf-texlive/tex/latex/pdftex-def/pdftex.def
File: pdftex.def 2010/03/12 v0.04p Graphics/color for pdfTeX
\Gread@gobject=\count90
))
\Gin@req@height=\dimen107
\Gin@req@width=\dimen108
)
(/usr/share/texmf-texlive/tex/latex/base/fontenc.sty
Package: fontenc 2005/09/27 v1.99g Standard LaTeX package

(/usr/share/texmf-texlive/tex/latex/base/t1enc.def
File: t1enc.def 2005/09/27 v1.99g Standard LaTeX file
LaTeX Font Info:    Redeclaring font encoding T1 on input line 43.
)) (./fancyhdr.sty
\fancy@headwidth=\skip43
\f@ncyO@elh=\skip44
\f@ncyO@erh=\skip45
\f@ncyO@olh=\skip46
\f@ncyO@orh=\skip47
\f@ncyO@elf=\skip48
\f@ncyO@erf=\skip49
\f@ncyO@olf=\skip50
\f@ncyO@orf=\skip51
)
(./algorithm.sty
Package: algorithm 2009/08/24 v0.1 Document Style `algorithm' - floating enviro
nment
 (/usr/share/texmf-texlive/tex/latex/float/float.sty
Package: float 2001/11/08 v1.3d Float enhancements (AL)
\c@float@type=\count91
\float@exts=\toks16
\float@box=\box26
\@float@everytoks=\toks17
\@floatcapt=\box27
)
(/usr/share/texmf-texlive/tex/latex/base/ifthen.sty
Package: ifthen 2001/05/26 v1.1c Standard LaTeX ifthen package (DPC)
)
\@float@every@algorithm=\toks18
\c@algorithm=\count92
) (./algorithmic.sty
Package: algorithmic 2009/08/24 v0.1 Document Style `algorithmic'
\c@ALC@unique=\count93
\c@ALC@line=\count94
\c@ALC@rem=\count95
\c@ALC@depth=\count96
\ALC@tlm=\skip52
\algorithmicindent=\skip53
)
(/usr/share/texmf-texlive/tex/latex/amsfonts/amssymb.sty
Package: amssymb 2009/06/22 v3.00

(/usr/share/texmf-texlive/tex/latex/amsfonts/amsfonts.sty
Package: amsfonts 2009/06/22 v3.00 Basic AMSFonts support
\@emptytoks=\toks19
\symAMSa=\mathgroup4
\symAMSb=\mathgroup5
LaTeX Font Info:    Overwriting math alphabet `\mathfrak' in version `bold'
(Font)                  U/euf/m/n --> U/euf/b/n on input line 96.
))
(/usr/share/texmf-texlive/tex/latex/amsmath/amsmath.sty
Package: amsmath 2000/07/18 v2.13 AMS math features
\@mathmargin=\skip54

For additional information on amsmath, use the `?' option.
(/usr/share/texmf-texlive/tex/latex/amsmath/amstext.sty
Package: amstext 2000/06/29 v2.01

(/usr/share/texmf-texlive/tex/latex/amsmath/amsgen.sty
File: amsgen.sty 1999/11/30 v2.0
\@emptytoks=\toks20
\ex@=\dimen109
))
(/usr/share/texmf-texlive/tex/latex/amsmath/amsbsy.sty
Package: amsbsy 1999/11/29 v1.2d
\pmbraise@=\dimen110
)
(/usr/share/texmf-texlive/tex/latex/amsmath/amsopn.sty
Package: amsopn 1999/12/14 v2.01 operator names
)
\inf@bad=\count97
LaTeX Info: Redefining \frac on input line 211.
\uproot@=\count98
\leftroot@=\count99
LaTeX Info: Redefining \overline on input line 307.
\classnum@=\count100
\DOTSCASE@=\count101
LaTeX Info: Redefining \ldots on input line 379.
LaTeX Info: Redefining \dots on input line 382.
LaTeX Info: Redefining \cdots on input line 467.
\Mathstrutbox@=\box28
\strutbox@=\box29
\big@size=\dimen111
LaTeX Font Info:    Redeclaring font encoding OML on input line 567.
LaTeX Font Info:    Redeclaring font encoding OMS on input line 568.
\macc@depth=\count102
\c@MaxMatrixCols=\count103
\dotsspace@=\muskip10
\c@parentequation=\count104
\dspbrk@lvl=\count105
\tag@help=\toks21
\row@=\count106
\column@=\count107
\maxfields@=\count108
\andhelp@=\toks22
\eqnshift@=\dimen112
\alignsep@=\dimen113
\tagshift@=\dimen114
\tagwidth@=\dimen115
\totwidth@=\dimen116
\lineht@=\dimen117
\@envbody=\toks23
\multlinegap=\skip55
\multlinetaggap=\skip56
\mathdisplay@stack=\toks24
LaTeX Info: Redefining \[ on input line 2666.
LaTeX Info: Redefining \] on input line 2667.
) (./subfigure.sty
\c@subfigure=\count109
)
(/usr/share/texmf-texlive/tex/latex/tools/enumerate.sty
Package: enumerate 1999/03/05 v3.00 enumerate extensions (DPC)
\@enLab=\toks25
)
(/usr/share/texmf-texlive/tex/latex/tools/verbatim.sty
Package: verbatim 2003/08/22 v1.5q LaTeX2e package for verbatim enhancements
\every@verbatim=\toks26
\verbatim@line=\toks27
\verbatim@in@stream=\read1
) (./Main.aux)
\openout1 = `Main.aux'.

LaTeX Font Info:    Checking defaults for OML/cmm/m/it on input line 25.
LaTeX Font Info:    ... okay on input line 25.
LaTeX Font Info:    Checking defaults for T1/cmr/m/n on input line 25.
LaTeX Font Info:    ... okay on input line 25.
LaTeX Font Info:    Checking defaults for OT1/cmr/m/n on input line 25.
LaTeX Font Info:    ... okay on input line 25.
LaTeX Font Info:    Checking defaults for OMS/cmsy/m/n on input line 25.
LaTeX Font Info:    ... okay on input line 25.
LaTeX Font Info:    Checking defaults for OMX/cmex/m/n on input line 25.
LaTeX Font Info:    ... okay on input line 25.
LaTeX Font Info:    Checking defaults for U/cmr/m/n on input line 25.
LaTeX Font Info:    ... okay on input line 25.

*geometry auto-detecting driver*
*geometry detected driver: pdftex*
-------------------- Geometry parameters
paper: a4paper
landscape: --
twocolumn: --
twoside: --
asymmetric: --
h-parts: 90.3375pt, 452.96788pt, 54.2025pt
v-parts: 54.2025pt, 736.64185pt, 54.2025pt
hmarginratio: --
vmarginratio: --
lines: --
heightrounded: --
bindingoffset: 0.0pt
truedimen: --
includehead: --
includefoot: --
includemp: --
driver: pdftex
-------------------- Page layout dimensions and switches
\paperwidth  597.50787pt
\paperheight 845.04684pt
\textwidth  452.96788pt
\textheight 736.64185pt
\oddsidemargin  18.0675pt
\evensidemargin 18.0675pt
\topmargin  -55.06749pt
\headheight 12.0pt
\headsep    25.0pt
\footskip   30.0pt
\marginparwidth 35.0pt
\marginparsep   10.0pt
\columnsep  10.0pt
\skip\footins  10.8pt plus 4.0pt minus 2.0pt
\hoffset 0.0pt
\voffset 0.0pt
\mag 1000

(1in=72.27pt, 1cm=28.45pt)
-----------------------
(/usr/share/texmf-texlive/tex/context/base/supp-pdf.mkii
[Loading MPS to PDF converter (version 2006.09.02).]
\scratchcounter=\count110
\scratchdimen=\dimen118
\scratchbox=\box30
\nofMPsegments=\count111
\nofMParguments=\count112
\everyMPshowfont=\toks28
\MPscratchCnt=\count113
\MPscratchDim=\dimen119
\MPnumerator=\count114
\everyMPtoPDFconversion=\toks29
)
LaTeX Font Info:    Try loading font information for T1+ppl on input line 27.
 (/usr/share/texmf-texlive/tex/latex/psnfss/t1ppl.fd
File: t1ppl.fd 2001/06/04 font definitions for T1/ppl.
) (./Title.tex [1

]
<./logo.jpg, id=5, 561.5379pt x 656.6934pt>
File: ./logo.jpg Graphic file (type jpg)
 <use ./logo.jpg>
LaTeX Font Info:    Font shape `T1/ppl/bx/n' in size <24.88> not available
(Font)              Font shape `T1/ppl/b/n' tried instead on input line 13.
LaTeX Font Info:    Try loading font information for U+msa on input line 28.

(/usr/share/texmf-texlive/tex/latex/amsfonts/umsa.fd
File: umsa.fd 2009/06/22 v3.00 AMS symbols A
)
LaTeX Font Info:    Try loading font information for U+msb on input line 28.

(/usr/share/texmf-texlive/tex/latex/amsfonts/umsb.fd
File: umsb.fd 2009/06/22 v3.00 AMS symbols B
) [2{/var/lib/texmf/fonts/map/pdftex/updmap/pdftex.map} <./logo.jpg>]) (./Vijay
_Vijesh_Certificate.tex
File: ./logo.jpg Graphic file (type jpg)

<use ./logo.jpg> <./certificate-text.png, id=12, 518.93875pt x 98.3675pt>
File: ./certificate-text.png Graphic file (type png)

<use ./certificate-text.png>) [1 <./certificate-text.png>]
LaTeX Font Info:    Font shape `T1/ppl/bx/n' in size <17.28> not available
(Font)              Font shape `T1/ppl/b/n' tried instead on input line 38.
 [2] [3] (./Main.toc
LaTeX Font Info:    Font shape `T1/ppl/bx/n' in size <12> not available
(Font)              Font shape `T1/ppl/b/n' tried instead on input line 1.
)
\tf@toc=\write3
\openout3 = `Main.toc'.

[4]
LaTeX Font Info:    Font shape `T1/ppl/bx/n' in size <14.4> not available
(Font)              Font shape `T1/ppl/b/n' tried instead on input line 78.

Underfull \hbox (badness 10000) in paragraph at lines 80--81

 []


Underfull \hbox (badness 10000) in paragraph at lines 85--86

 []

[5]
Overfull \hbox (5.78639pt too wide) in paragraph at lines 87--88
\T1/ppl/m/n/12 doesn't ex-ploit the un-der-ly-ing struc-ture of the net-work an
d its char-ac-ter-is-tics. Adamic's
 []


Underfull \hbox (badness 10000) in paragraph at lines 91--92

 []


Underfull \hbox (badness 10000) in paragraph at lines 93--94

 []


Underfull \hbox (badness 10000) in paragraph at lines 95--96

 []


Underfull \hbox (badness 10000) in paragraph at lines 97--98

 []

[6]
LaTeX Font Info:    Try loading font information for OMS+ppl on input line 109.

 (/usr/share/texmf-texlive/tex/latex/psnfss/omsppl.fd
File: omsppl.fd 
)
LaTeX Font Info:    Font shape `OMS/ppl/m/n' in size <12> not available
(Font)              Font shape `OMS/cmsy/m/n' tried instead on input line 109.

Underfull \hbox (badness 10000) in paragraph at lines 113--114

 []

<Results/1rawrandomwalk.jpg, id=37, 1332.98pt x 1332.98pt>
File: Results/1rawrandomwalk.jpg Graphic file (type jpg)

<use Results/1rawrandomwalk.jpg> [7]

LaTeX Warning: Reference `sec:4_learning_phase' on page 8 undefined on input li
ne 151.

<Results/2rawrandomwalk.jpg, id=45, 1332.98pt x 1332.98pt>
File: Results/2rawrandomwalk.jpg Graphic file (type jpg)

<use Results/2rawrandomwalk.jpg> [8 <./Results/1rawrandomwalk.jpg> <./Results/2
rawrandomwalk.jpg>]
Underfull \hbox (badness 10000) in paragraph at lines 188--190

 []


Underfull \hbox (badness 10000) in paragraph at lines 191--193

 []

[9]
Underfull \hbox (badness 10000) in paragraph at lines 200--202

 []


Underfull \hbox (badness 10000) in paragraph at lines 203--204

 []


Underfull \hbox (badness 10000) in paragraph at lines 205--206

 []

[10] <Results/ERratio2Random2Adamic.png, id=56, 925.056pt x 593.3367pt>
File: Results/ERratio2Random2Adamic.png Graphic file (type png)

<use Results/ERratio2Random2Adamic.png> [11 <./Results/ERratio2Random2Adamic.pn
g>] <Results/ERtime1Adamicand2Adamic.png, id=62, 925.056pt x 593.3367pt>
File: Results/ERtime1Adamicand2Adamic.png Graphic file (type png)

<use Results/ERtime1Adamicand2Adamic.png>
<Results/ERratioall.png, id=63, 925.056pt x 593.3367pt>
File: Results/ERratioall.png Graphic file (type png)

<use Results/ERratioall.png> [12 <./Results/ERtime1Adamicand2Adamic.png> <./Res
ults/ERratioall.png>]
<Results/ERperformance.png, id=69, 925.056pt x 593.3367pt>
File: Results/ERperformance.png Graphic file (type png)

<use Results/ERperformance.png>
<Results/SFNratio2Random2Adamic.png, id=70, 925.056pt x 593.3367pt>
File: Results/SFNratio2Random2Adamic.png Graphic file (type png)

<use Results/SFNratio2Random2Adamic.png> [13 <./Results/ERperformance.png> <./R
esults/SFNratio2Random2Adamic.png>]
<Results/SFNtime1Adamicand2Adamic.png, id=76, 586.8324pt x 442.2924pt>
File: Results/SFNtime1Adamicand2Adamic.png Graphic file (type png)

<use Results/SFNtime1Adamicand2Adamic.png>
<Results/SFNratioall.png, id=77, 925.056pt x 593.3367pt>
File: Results/SFNratioall.png Graphic file (type png)

<use Results/SFNratioall.png> [14 <./Results/SFNtime1Adamicand2Adamic.png> <./R
esults/SFNratioall.png>]
<Results/SFNperformance.png, id=83, 925.056pt x 593.3367pt>
File: Results/SFNperformance.png Graphic file (type png)

<use Results/SFNperformance.png>
Underfull \hbox (badness 10000) in paragraph at lines 290--291

 []

<Results/gnutellaNetwork.png, id=84, 1156.32pt x 669.9429pt>
File: Results/gnutellaNetwork.png Graphic file (type png)

<use Results/gnutellaNetwork.png> [15 <./Results/SFNperformance.png>]
<Results/gnutellaAvrgPath.png, id=89, 925.056pt x 593.3367pt>
File: Results/gnutellaAvrgPath.png Graphic file (type png)

<use Results/gnutellaAvrgPath.png> [16 <./Results/gnutellaNetwork.png> <./Resul
ts/gnutellaAvrgPath.png>]
<Results/gnutellaTimePlot.png, id=95, 925.056pt x 593.3367pt>
File: Results/gnutellaTimePlot.png Graphic file (type png)

<use Results/gnutellaTimePlot.png>
Underfull \hbox (badness 10000) in paragraph at lines 338--339

 []

[17 <./Results/gnutellaTimePlot.png>] (./Main.bbl [18]) [19] (./Main.aux)

LaTeX Warning: There were undefined references.

 ) 
Here is how much of TeX's memory you used:
 3018 strings out of 495061
 37236 string characters out of 1182620
 91977 words of memory out of 3000000
 6118 multiletter control sequences out of 15000+50000
 27525 words of font info for 55 fonts, out of 3000000 for 9000
 28 hyphenation exceptions out of 8191
 27i,8n,43p,913b,262s stack positions out of 5000i,500n,10000p,200000b,50000s
{/usr/share/texmf-texlive/fonts/enc/dvips/base/8r.enc}</usr/share/texmf-texli
ve/fonts/type1/public/amsfonts/cm/cmex10.pfb></usr/share/texmf-texlive/fonts/ty
pe1/public/amsfonts/cm/cmmi12.pfb></usr/share/texmf-texlive/fonts/type1/public/
amsfonts/cm/cmmi6.pfb></usr/share/texmf-texlive/fonts/type1/public/amsfonts/cm/
cmmi8.pfb></usr/share/texmf-texlive/fonts/type1/public/amsfonts/cm/cmr12.pfb></
usr/share/texmf-texlive/fonts/type1/public/amsfonts/cm/cmr8.pfb></usr/share/tex
mf-texlive/fonts/type1/public/amsfonts/cm/cmsy10.pfb></usr/share/texmf-texlive/
fonts/type1/public/amsfonts/cm/cmsy8.pfb></usr/share/texmf-texlive/fonts/type1/
urw/palatino/uplb8a.pfb></usr/share/texmf-texlive/fonts/type1/urw/palatino/uplr
8a.pfb></usr/share/texmf-texlive/fonts/type1/urw/palatino/uplri8a.pfb>
Output written on Main.pdf (21 pages, 1797200 bytes).
PDF statistics:
 143 PDF objects out of 1000 (max. 8388607)
 0 named destinations out of 1000 (max. 500000)
 76 words of extra memory for PDF output out of 10000 (max. 10000000)

